Current Directory:C:/H3000B~1
Monday, 9 of July 2007 0:0:0
All Directorys for project Rect_slab_Door4WindowsL created
=========Window data======
***( 0 )***
Window Tilt            = 0
Window Curtain         = 0.000000
Window Over Hang Width = 0
Window Shutter Value   = 0
Window Tilt Value      = 0
Window SGHC            = 0
***( 0 )***
Window Tilt            = 0
Window Curtain         = 0.000000
Window Over Hang Width = 0
Window Shutter Value   = 0
Window Tilt Value      = 0
Window SGHC            = 0
***( 0 )***
Window Tilt            = 0
Window Curtain         = 0.000000
Window Over Hang Width = 0
Window Shutter Value   = 0
Window Tilt Value      = 0
Window SGHC            = 0
***( 0 )***
Window Tilt            = 0
Window Curtain         = 0.000000
Window Over Hang Width = 0
Window Shutter Value   = 0
Window Tilt Value      = 0
Window SGHC            = 0
CFG fileuser/Rect_slab_Door4WindowsL/cfg/Rect_slab_Door4WindowsL.cfg open for write
AIM fileuser/Rect_slab_Door4WindowsL/aim/Rect_slab_Door4WindowsL.aim open for write
CON fileuser/Rect_slab_Door4WindowsL/zones/main.con open for write
CON fileuser/Rect_slab_Door4WindowsL/zones/attic.con open for write
CNN fileuser/Rect_slab_Door4WindowsL/cfg/Rect_slab_Door4WindowsL.cnn open for write
----------surface parameters-------------|---connecting zone-------
 # zon       name optics  type    db_name|Zone      name type surf#
-----------------------------------------|-------------------------
 1  1   MainWall-W  OPAQ  VERT   ext_wall|  0   EXTERIOR   0   0
 2  1   MainWall-N  OPAQ  VERT   ext_wall|  0   EXTERIOR   0   0
 3  1   MainWall-E  OPAQ  VERT   ext_wall|  0   EXTERIOR   0   0
 4  1   MainWall-S  OPAQ  VERT   ext_wall|  0   EXTERIOR   0   0
 5  1       to_bsm  OPAQ  FLOR slab_floor| 28   BASESIMP   6 100
 6  1     to_attic  OPAQ  CEIL    ceiling|  2      attic   3   1
 7  1     Window-W  TRAN  VERT     window|  0   EXTERIOR   0   0
 8  1     Window-N  TRAN  VERT     window|  0   EXTERIOR   0   0
 9  1         Door  OPAQ  VERT   ext_door|  0   EXTERIOR   0   0
10  1     Window-E  TRAN  VERT     window|  0   EXTERIOR   0   0
11  1     Window-S  TRAN  VERT     window|  0   EXTERIOR   0   0
----------surface parameters-------------|---connecting zone-------
 # zon       name optics  type    db_name|Zone      name type surf#
-----------------------------------------|-------------------------
 1  2      to_main  OPAQ  FLOR  ceiling_r|  1       main   3   6
 2  2    WestSlope  OPAQ  SLOP    asphalt|  0   EXTERIOR   0   0
 3  2     NorthEnd  OPAQ  VERT    asphalt|  0   EXTERIOR   0   0
 4  2    EastSlope  OPAQ  SLOP    asphalt|  0   EXTERIOR   0   0
 5  2     SouthEnd  OPAQ  VERT    asphalt|  0   EXTERIOR   0   0
