Project notes for cellular_master.cfg
Description: Two adjacent cellular offices with master slave control
In folder: training/cellular_cvvt
By: jon
Date: Thu Jan 29 10:00:00 2007
For: 
Project reference: 
Notes: 
_____________________________
Derived from the cellular base case model. Used to test
out an abstract master slave controller where manager_a
is the master zone with an ideal basic controller and
manager_b and the corridor are slave zones (they are
conditioned based on a thermostat in manager_a).
 ____________________________________________________________
 
The model includes ideal controls as follows:
Control description:
Represents a master-slave control scheme where manager_a has the
thermostat and manager_b and the corridor are fixed capacity slaves.
Heating to 18C cooling 24C. (note how the rooms perform differently).
 
