Linford house, with solar ventilation pre-heat mode conservatory

This is a direct gain house in Milton  Keynes.

The directory structure is an example of using subdirectories
to structure the problem definition and support parametric
investigations.

The model includes a flow network. There are two different control
scenarios found in this model.
 
The model is located at latitude   52.00 with a longitude difference of   0.00
from the local time meridian. The year used in simulations is 1967 and
weekends occur on Saturday and Sunday.
The site exposure is isolated rural site site and the ground reflectance is
0.20.
 ____________________________________________________________
 
Databases associated with the model:
 pressure distributions : pressc.db1
 materials              : ../dbs/linford.materialdb.a
 constructions          : ../dbs/linford.constrdb
 plant components       : plantc.db1
 event profiles         : /usr/esru/esp-r/databases/profiles.db1.a
 optical properties     : ../dbs/linford.odb
 
 ____________________________________________________________
  
ID Zone         Volume|          Surface
   Name         m^3   | No. Opaque  Transp  ~Floor
 1 living_room    41.6   9    68.6     7.6    17.3  living_room describes a...
 2 dining_room    24.2   9    46.9     3.8    10.1  dining_room describes a...
 3 hall           28.3  12    65.1     0.4    11.8  hall describes a...
 4 kitchen        33.1  11    61.8     1.9    13.8  kitchen describes a...
 5 bath           18.2  11    40.9     1.5     7.6  bath describes a...
 6 bedroom_1      30.6  12    57.3     3.4    12.8  bedroom_1 describes a...
 7 bedroom_2      26.1   9    50.0     3.4    10.9  bedroom_2 describes a...
 8 bedroom_3      18.1   8    40.7     1.1     7.6  bedroom_3 describes a...
 9 bedroom_4      16.7  11    37.8     3.4     6.9  bedroom_4 describes a...
10 upper_hall     21.8  11    46.9     1.3     9.1  upper_hall describes a...
11 ext_lobby       4.9   8    19.1     0.0     1.7  ext_lobby describes a...
12 int_lobby       4.4   7    16.6     0.0     1.8  int_lobby describes a...
13 loft           67.6  10   139.9     0.0    54.8  loft describes a...
14 garage         44.5  14    82.3     0.0    12.7  garage describes a...
15 conservatory   25.9  13    25.0    32.9    11.0  conservatory describes a...
   all           406.  155    799.     61.    190.
